<?xml version="1.0" encoding="UTF-8"?>
<!-- Generated by org.testng.reporters.JUnitXMLReporter -->
<testsuite ignored="0" hostname="DESKTOP-MJRPMF8" failures="1" tests="4" name="My Test" time="20.828" errors="0" timestamp="2024-08-16T00:07:24 IST">
  <testcase classname="testScript.LoginPage_Test" name="verifyInvalidUserNameAndValidPassword" time="2.526"/>
  <testcase classname="testScript.LoginPage_Test" name="verifyUserNameAndPasswordUsingInValidCredentials" time="0.724"/>
  <testcase classname="testScript.LoginPage_Test" name="verifyUserNameAndPasswordUsingValidCredentials" time="0.0">
    <failure type="org.testng.TestNGException" message="
Parameter &amp;apos;Username&amp;apos; is required by @Test on method verifyUserNameAndPasswordUsingValidCredentials but has not been marked @Optional or defined
in C:\Users\HP\Desktop\Workspace-Eclipse\Automation_Project\extent_report.xml">
      <![CDATA[org.testng.TestNGException: 
Parameter 'Username' is required by @Test on method verifyUserNameAndPasswordUsingValidCredentials but has not been marked @Optional or defined
in C:\Users\HP\Desktop\Workspace-Eclipse\Automation_Project\extent_report.xml
at java.base/java.util.ArrayList.forEach(ArrayList.java:1511)
... Removed 26 stack frames]]>
    </failure>
  </testcase> <!-- verifyUserNameAndPasswordUsingValidCredentials -->
  <testcase classname="testScript.LoginPage_Test" name="verifyValidUserNameAndInvalidPassword" time="0.836"/>
</testsuite> <!-- My Test -->
